<?xml version="1.0" encoding="UTF-8"?>
<!-- Generated by org.testng.reporters.JUnitReportReporter -->
<testsuite hostname="LMIPL-086" name="com.example.example.ExampleTestNg" tests="1" failures="0" timestamp="21 Aug 2017 07:30:14 GMT" time="0.011" errors="0">
  <testcase name="test" time="0.011" classname="com.example.example.ExampleTestNg"/>
</testsuite> <!-- com.example.example.ExampleTestNg -->
